<?xml version="1.0" encoding="UTF-8"?>
<testng-results ignored="0" total="1" passed="1" failed="0" skipped="0">
  <reporter-output>
  </reporter-output>
  <suite started-at="2022-02-02T10:19:11 EST" name="Default suite" finished-at="2022-02-02T10:19:13 EST" duration-ms="1584">
    <groups>
    </groups>
    <test started-at="2022-02-02T10:19:11 EST" name="Default test" finished-at="2022-02-02T10:19:13 EST" duration-ms="1584">
      <class name="getRequests.TC001_GetRequest_Weather">
        <test-method signature="getWeatherDetails()[pri:0, instance:getRequests.TC001_GetRequest_Weather@4ddced80]" started-at="2022-02-02T10:19:11 EST" name="getWeatherDetails" finished-at="2022-02-02T10:19:13 EST" duration-ms="1548" status="PASS">
          <reporter-output>
          </reporter-output>
        </test-method> <!-- getWeatherDetails -->
      </class> <!-- getRequests.TC001_GetRequest_Weather -->
    </test> <!-- Default test -->
  </suite> <!-- Default suite -->
</testng-results>
