<?xml version="1.0" encoding="UTF-8"?>
<testng-results ignored="0" total="1" passed="1" failed="0" skipped="0">
  <reporter-output>
  </reporter-output>
  <suite started-at="2022-02-02T14:09:43 EST" name="Default suite" finished-at="2022-02-02T14:09:45 EST" duration-ms="1900">
    <groups>
    </groups>
    <test started-at="2022-02-02T14:09:43 EST" name="Default test" finished-at="2022-02-02T14:09:45 EST" duration-ms="1900">
      <class name="requests.PostRequest">
        <test-method signature="postRequest()[pri:0, instance:requests.PostRequest@4ddced80]" started-at="2022-02-02T14:09:43 EST" name="postRequest" finished-at="2022-02-02T14:09:45 EST" duration-ms="1869" status="PASS">
          <reporter-output>
          </reporter-output>
        </test-method> <!-- postRequest -->
      </class> <!-- requests.PostRequest -->
    </test> <!-- Default test -->
  </suite> <!-- Default suite -->
</testng-results>
